0 info it worked if it ends with ok
1 verbose cli [ '/usr/local/bin/node', '/usr/local/bin/npm', 'publish' ]
2 info using npm@2.15.1
3 info using node@v4.4.4
4 verbose publish [ '.' ]
5 silly cache add args [ '.', null ]
6 verbose cache add spec .
7 silly cache add parsed spec Result {
7 silly cache add   raw: '.',
7 silly cache add   scope: null,
7 silly cache add   name: null,
7 silly cache add   rawSpec: '.',
7 silly cache add   spec: '/Users/sunbaixin/learn/fetch-pipe',
7 silly cache add   type: 'directory' }
8 verbose addLocalDirectory /Users/sunbaixin/.npm/fetch-all/1.0.1/package.tgz not in flight; packing
9 verbose correctMkdir /Users/sunbaixin/.npm correctMkdir not in flight; initializing
10 verbose tar pack [ '/Users/sunbaixin/.npm/fetch-all/1.0.1/package.tgz',
10 verbose tar pack   '/Users/sunbaixin/learn/fetch-pipe' ]
11 verbose tarball /Users/sunbaixin/.npm/fetch-all/1.0.1/package.tgz
12 verbose folder /Users/sunbaixin/learn/fetch-pipe
13 info prepublish fetch-all@1.0.1
14 verbose addLocalTarball adding from inside cache /Users/sunbaixin/.npm/fetch-all/1.0.1/package.tgz
15 verbose correctMkdir /Users/sunbaixin/.npm correctMkdir not in flight; initializing
16 silly cache afterAdd fetch-all@1.0.1
17 verbose afterAdd /Users/sunbaixin/.npm/fetch-all/1.0.1/package/package.json not in flight; writing
18 verbose correctMkdir /Users/sunbaixin/.npm correctMkdir not in flight; initializing
19 verbose afterAdd /Users/sunbaixin/.npm/fetch-all/1.0.1/package/package.json written
20 silly publish { name: 'fetch-all',
20 silly publish   version: '1.0.1',
20 silly publish   description: 'The fetch - all can be synchronous and asynchronous request by the promise',
20 silly publish   main: 'index.js',
20 silly publish   scripts:
20 silly publish    { build: 'babel lib --out-dir build',
20 silly publish      test: 'mocha -R spec -t 5000 example/test.js' },
20 silly publish   repository:
20 silly publish    { type: 'git',
20 silly publish      url: 'git+https://github.com/hello-sunbaixin/fetch-all.git' },
20 silly publish   keywords: [ 'fetch', 'fetch-all', 'promise', 'ajax', 'jsonp' ],
20 silly publish   author: { name: 'jerry' },
20 silly publish   license: 'MIT',
20 silly publish   bugs: { url: 'https://github.com/hello-sunbaixin/fetch-all/issues' },
20 silly publish   homepage: 'https://github.com/hello-sunbaixin/fetch-all#readme',
20 silly publish   devDependencies: { babel: '^5.8.21', chai: '~3.4.1', mocha: '3' },
20 silly publish   readme: '# fetch-all \n利用promise改造的ajax请求 可以跨域请求 也可以xml请求\n## Installation\n\nYou can install with `npm`.\n\n```\nnpm install fetch-all\n```\n\n## Promise Polyfill for IE\n\nIE8/9/10/11 does not support [ES6 Promise](https://tc39.github.io/ecma262/#sec-promise-constructor), run this to polyfill the global environment at the beginning of your application.\n\n```js\nrequire(\'es6-promise\').polyfill();\n```\n\n## Usage\n```\nconst fetchAll=require(\'fetch-all\');\nfetchAll({\n    url:\'/users.jsonp\', //Set type name, default is \'GET\'；\n    data:{key:1},\n    type:\'post\'\n  })\n  .then(function(response) {\n    return response.json()\n  }).then(function(json) {\n  //接收成功数据\n    console.log(\'parsed json\', json)\n  }).catch(function(ex) {\n  //捕获异常\n    console.log(\'parsing failed\', ex)\n  })\n  \n```\nnote：fetchAll内的参数以对象的形式传进去，所传的参数规则同ajax一致\n\n### 跨域请求一定要设定dataType:\'jsonp\' ,Set JSONP callback name, default is \'callback\'；Set JSONP request timeout, default is 5000ms\n\n```javascript\nfetchAll({\n    url:\'/users.jsonp\', \n    dataType:\'jsonp\',\n    data:{key:1},\n    timeout:3000,\n    jsonpCallback: \'custom_callback\',\n    jsonpCallbackFunction: \'<name of your callback function>\'\n  })\n  .then(function(response) {\n    return response.json()\n  }).then(function(json) {\n    console.log(\'parsed json\', json)\n  }).catch(function(ex) {\n    console.log(\'parsing failed\', ex)\n  })\n```\n\n### 非跨域请求 是按照dataType不是jsonp来判断的 则按照XMLHttpRequest进行请求\n\n```javascript\nfetchAll({\n    url:\'/xml.json\',\n    data:\'key=1&value=3\'\n    \n  })\n  .then(function(response) {\n    return response.json()\n  }).then(function(json) {\n    console.log(\'parsed json\', json)\n  }).catch(function(ex) {\n    console.log(\'parsing failed\', ex)\n  })\n```\n\n### Caveats\n\nYou need to call `.then(function(response) { return response.json(); })` in order\nto keep consistent with Fetch API.\n\n## Browser Support\n\n![Chrome](https://raw.github.com/alrra/browser-logos/master/src/chrome/chrome_48x48.png) | ![Firefox](https://raw.github.com/alrra/browser-logos/master/src/firefox/firefox_48x48.png) | ![IE](https://raw.github.com/alrra/browser-logos/master/src/archive/internet-explorer_7-8/internet-explorer_7-8_48x48.png) | ![Opera](https://raw.github.com/alrra/browser-logos/master/src/opera/opera_48x48.png) | ![Safari](https://raw.github.com/alrra/browser-logos/master/src/safari/safari_48x48.png)\n--- | --- | --- | --- | --- |\nLatest ✔ | Latest ✔ | 8+ ✔ | Latest ✔ | 6.1+ ✔ |\n\n# License\n\nMIT\n\n# Acknowledgement\n\nThanks to [github/fetch-jsonp](https://github.com/camsong/fetch-jsonp) [github/xhr-promise](https://github.com/scottbrady/xhr-promise) \n',
20 silly publish   readmeFilename: 'README.md',
20 silly publish   gitHead: 'eab5747f7ed277c6d82488d59e6da9ebd10c5305',
20 silly publish   _id: 'fetch-all@1.0.1',
20 silly publish   _shasum: '3ef0f807ecbe75c308949f443ee5dd088b52bccb',
20 silly publish   _from: '.' }
21 verbose getPublishConfig undefined
22 silly mapToRegistry name fetch-all
23 silly mapToRegistry using default registry
24 silly mapToRegistry registry https://registry.npmjs.org/
25 silly mapToRegistry data Result {
25 silly mapToRegistry   raw: 'fetch-all',
25 silly mapToRegistry   scope: null,
25 silly mapToRegistry   name: 'fetch-all',
25 silly mapToRegistry   rawSpec: '',
25 silly mapToRegistry   spec: 'latest',
25 silly mapToRegistry   type: 'tag' }
26 silly mapToRegistry uri https://registry.npmjs.org/fetch-all
27 verbose publish registryBase https://registry.npmjs.org/
28 silly publish uploading /Users/sunbaixin/.npm/fetch-all/1.0.1/package.tgz
29 verbose request uri https://registry.npmjs.org/fetch-all
30 verbose request sending authorization for write operation
31 info attempt registry request try #1 at 22:27:27
32 verbose request using bearer token for auth
33 verbose request id 6f368e9b6d947770
34 http request PUT https://registry.npmjs.org/fetch-all
35 http 403 https://registry.npmjs.org/fetch-all
36 verbose headers { 'content-type': 'application/json',
36 verbose headers   'cache-control': 'max-age=300',
36 verbose headers   'content-length': '103',
36 verbose headers   'accept-ranges': 'bytes',
36 verbose headers   date: 'Tue, 30 May 2017 14:27:30 GMT',
36 verbose headers   via: '1.1 varnish',
36 verbose headers   connection: 'keep-alive',
36 verbose headers   'x-served-by': 'cache-itm7422-ITM',
36 verbose headers   'x-cache': 'MISS',
36 verbose headers   'x-cache-hits': '0',
36 verbose headers   'x-timer': 'S1496154449.341475,VS0,VE667',
36 verbose headers   vary: 'Accept-Encoding' }
37 verbose request invalidating /Users/sunbaixin/.npm/registry.npmjs.org/fetch-all on PUT
38 error publish Failed PUT 403
39 verbose stack Error: you do not have permission to publish "fetch-all". Are you logged in as the correct user? : fetch-all
39 verbose stack     at makeError (/usr/local/lib/node_modules/npm/node_modules/npm-registry-client/lib/request.js:264:12)
39 verbose stack     at CachingRegistryClient.<anonymous> (/usr/local/lib/node_modules/npm/node_modules/npm-registry-client/lib/request.js:252:14)
39 verbose stack     at Request._callback (/usr/local/lib/node_modules/npm/node_modules/npm-registry-client/lib/request.js:172:14)
39 verbose stack     at Request.self.callback (/usr/local/lib/node_modules/npm/node_modules/request/request.js:199:22)
39 verbose stack     at emitTwo (events.js:87:13)
39 verbose stack     at Request.emit (events.js:172:7)
39 verbose stack     at Request.<anonymous> (/usr/local/lib/node_modules/npm/node_modules/request/request.js:1036:10)
39 verbose stack     at emitOne (events.js:82:20)
39 verbose stack     at Request.emit (events.js:169:7)
39 verbose stack     at IncomingMessage.<anonymous> (/usr/local/lib/node_modules/npm/node_modules/request/request.js:963:12)
40 verbose statusCode 403
41 verbose pkgid fetch-all
42 verbose cwd /Users/sunbaixin/learn/fetch-pipe
43 error Darwin 16.1.0
44 error argv "/usr/local/bin/node" "/usr/local/bin/npm" "publish"
45 error node v4.4.4
46 error npm  v2.15.1
47 error code E403
48 error you do not have permission to publish "fetch-all". Are you logged in as the correct user? : fetch-all
49 error If you need help, you may report this error at:
49 error     <https://github.com/npm/npm/issues>
50 verbose exit [ 1, true ]
